5/3/13 2:48:27 PM org.neo4j.server.database.Database INFO: Loaded neo4j tuning properties from conf/neo4j.properties
14:48:28.077 [main] INFO  neo4j.datasource - Creating new db @ /Users/fode/proj/vacRuby/neo4j/data/graph.db/neostore
14:48:28.102 [main] INFO  neo4j.neostore - [/Users/fode/proj/vacRuby/neo4j/data/graph.db/neostore.nodestore.db] brickCount=0 brickSize=3858759b mappedMem=385875968b (storeSize=0b)
14:48:28.105 [main] INFO  neo4j.neostore - /Users/fode/proj/vacRuby/neo4j/data/graph.db/neostore.nodestore.db hit=1 miss=0 switches=0 ooe=0
14:48:28.116 [main] INFO  neo4j.neostore - [/Users/fode/proj/vacRuby/neo4j/data/graph.db/neostore.relationshiptypestore.db.names] brickCount=0 brickSize=0b mappedMem=0b (storeSize=38b)
14:48:28.119 [main] INFO  neo4j.neostore - [/Users/fode/proj/vacRuby/neo4j/data/graph.db/neostore.relationshiptypestore.db] brickCount=0 brickSize=0b mappedMem=0b (storeSize=0b)
14:48:28.119 [main] INFO  neo4j.neostore - /Users/fode/proj/vacRuby/neo4j/data/graph.db/neostore.relationshiptypestore.db.names hit=0 miss=0 switches=0 ooe=0
14:48:28.120 [main] INFO  neo4j.neostore - /Users/fode/proj/vacRuby/neo4j/data/graph.db/neostore.relationshiptypestore.db hit=0 miss=0 switches=0 ooe=0
14:48:28.121 [main] INFO  neo4j.neostore - [/Users/fode/proj/vacRuby/neo4j/data/graph.db/neostore.relationshiptypestore.db.names] brickCount=0 brickSize=0b mappedMem=0b (storeSize=38b)
14:48:28.121 [main] INFO  neo4j.neostore - [/Users/fode/proj/vacRuby/neo4j/data/graph.db/neostore.relationshiptypestore.db] brickCount=0 brickSize=0b mappedMem=0b (storeSize=0b)
14:48:28.122 [main] INFO  neo4j.neostore - [/Users/fode/proj/vacRuby/neo4j/data/graph.db/neostore.propertystore.db.strings] brickCount=0 brickSize=1181696b mappedMem=1181745152b (storeSize=128b)
14:48:28.122 [main] INFO  neo4j.neostore - [/Users/fode/proj/vacRuby/neo4j/data/graph.db/neostore.propertystore.db.index.keys] brickCount=0 brickSize=1026b mappedMem=1048576b (storeSize=38b)
14:48:28.124 [main] INFO  neo4j.neostore - [/Users/fode/proj/vacRuby/neo4j/data/graph.db/neostore.propertystore.db.index] brickCount=0 brickSize=10485b mappedMem=1048576b (storeSize=0b)
14:48:28.125 [main] INFO  neo4j.neostore - [/Users/fode/proj/vacRuby/neo4j/data/graph.db/neostore.propertystore.db.arrays] brickCount=0 brickSize=1339008b mappedMem=1339031552b (storeSize=128b)
14:48:28.127 [main] INFO  neo4j.neostore - [/Users/fode/proj/vacRuby/neo4j/data/graph.db/neostore.propertystore.db] brickCount=0 brickSize=13904084b mappedMem=1390411776b (storeSize=0b)
14:48:28.129 [main] INFO  neo4j.neostore - [/Users/fode/proj/vacRuby/neo4j/data/graph.db/neostore.relationshipstore.db] brickCount=0 brickSize=17028858b mappedMem=1702887424b (storeSize=0b)
14:48:28.129 [main] INFO  neo4j.neostore - [/Users/fode/proj/vacRuby/neo4j/data/graph.db/neostore.nodestore.db] brickCount=0 brickSize=385875b mappedMem=385875968b (storeSize=9b)
14:48:28.130 [main] INFO  neo4j.neostore - [/Users/fode/proj/vacRuby/neo4j/data/graph.db/neostore] brickCount=0 brickSize=0b mappedMem=0b (storeSize=0b)
14:48:28.134 [main] INFO  neo4j.neostore - /Users/fode/proj/vacRuby/neo4j/data/graph.db/neostore.relationshiptypestore.db.names hit=0 miss=0 switches=0 ooe=0
14:48:28.135 [main] INFO  neo4j.neostore - /Users/fode/proj/vacRuby/neo4j/data/graph.db/neostore.relationshiptypestore.db hit=0 miss=0 switches=0 ooe=0
14:48:28.135 [main] INFO  neo4j.neostore - /Users/fode/proj/vacRuby/neo4j/data/graph.db/neostore.propertystore.db.strings hit=0 miss=0 switches=0 ooe=0
14:48:28.136 [main] INFO  neo4j.neostore - /Users/fode/proj/vacRuby/neo4j/data/graph.db/neostore.propertystore.db.index.keys hit=0 miss=0 switches=0 ooe=0
14:48:28.137 [main] INFO  neo4j.neostore - /Users/fode/proj/vacRuby/neo4j/data/graph.db/neostore.propertystore.db.index hit=0 miss=0 switches=0 ooe=0
14:48:28.138 [main] INFO  neo4j.neostore - /Users/fode/proj/vacRuby/neo4j/data/graph.db/neostore.propertystore.db.arrays hit=0 miss=0 switches=0 ooe=0
14:48:28.138 [main] INFO  neo4j.neostore - /Users/fode/proj/vacRuby/neo4j/data/graph.db/neostore.propertystore.db hit=0 miss=0 switches=0 ooe=0
14:48:28.139 [main] INFO  neo4j.neostore - /Users/fode/proj/vacRuby/neo4j/data/graph.db/neostore.relationshipstore.db hit=0 miss=0 switches=0 ooe=0
14:48:28.140 [main] INFO  neo4j.neostore - /Users/fode/proj/vacRuby/neo4j/data/graph.db/neostore.nodestore.db hit=0 miss=0 switches=0 ooe=0
14:48:28.140 [main] INFO  neo4j.neostore - /Users/fode/proj/vacRuby/neo4j/data/graph.db/neostore hit=0 miss=8 switches=0 ooe=0
14:48:28.143 [main] INFO  neo4j.neostore - [/Users/fode/proj/vacRuby/neo4j/data/graph.db/neostore.relationshiptypestore.db.names] brickCount=0 brickSize=0b mappedMem=0b (storeSize=38b)
14:48:28.144 [main] INFO  neo4j.neostore - [/Users/fode/proj/vacRuby/neo4j/data/graph.db/neostore.relationshiptypestore.db] brickCount=0 brickSize=0b mappedMem=0b (storeSize=0b)
14:48:28.144 [main] INFO  neo4j.neostore - [/Users/fode/proj/vacRuby/neo4j/data/graph.db/neostore.propertystore.db.strings] brickCount=0 brickSize=1181696b mappedMem=1181745152b (storeSize=128b)
14:48:28.145 [main] INFO  neo4j.neostore - [/Users/fode/proj/vacRuby/neo4j/data/graph.db/neostore.propertystore.db.index.keys] brickCount=0 brickSize=1026b mappedMem=1048576b (storeSize=38b)
14:48:28.145 [main] INFO  neo4j.neostore - [/Users/fode/proj/vacRuby/neo4j/data/graph.db/neostore.propertystore.db.index] brickCount=0 brickSize=10485b mappedMem=1048576b (storeSize=0b)
14:48:28.146 [main] INFO  neo4j.neostore - [/Users/fode/proj/vacRuby/neo4j/data/graph.db/neostore.propertystore.db.arrays] brickCount=0 brickSize=1339008b mappedMem=1339031552b (storeSize=128b)
14:48:28.146 [main] INFO  neo4j.neostore - [/Users/fode/proj/vacRuby/neo4j/data/graph.db/neostore.propertystore.db] brickCount=0 brickSize=13904084b mappedMem=1390411776b (storeSize=0b)
14:48:28.147 [main] INFO  neo4j.neostore - [/Users/fode/proj/vacRuby/neo4j/data/graph.db/neostore.relationshipstore.db] brickCount=0 brickSize=17028858b mappedMem=1702887424b (storeSize=0b)
14:48:28.147 [main] INFO  neo4j.neostore - [/Users/fode/proj/vacRuby/neo4j/data/graph.db/neostore.nodestore.db] brickCount=0 brickSize=385875b mappedMem=385875968b (storeSize=9b)
14:48:28.148 [main] INFO  neo4j.neostore - [/Users/fode/proj/vacRuby/neo4j/data/graph.db/neostore] brickCount=0 brickSize=0b mappedMem=0b (storeSize=54b)
14:48:28.159 [main] INFO  neo4j.xafactory - Opened logical log [/Users/fode/proj/vacRuby/neo4j/data/graph.db/nioneo_logical.log.1] version=0, lastTxId=1 (clean)
5/3/13 2:48:28 PM org.neo4j.server.database.Database INFO: Successfully started database
5/3/13 2:48:28 PM org.neo4j.server.AbstractNeoServer INFO: Starting Neo Server on port [7474] with [80] threads available
5/3/13 2:48:28 PM org.neo4j.server.AbstractNeoServer INFO: Enabling HTTPS on port [7473]
5/3/13 2:48:28 PM org.neo4j.server.AbstractNeoServer INFO: No SSL certificate found, generating a self-signed certificate..
Logger not configured, logging to std out instead: [FINE] Adding JAXRS packages [org.neo4j.server.rest.discovery] at [/]
5/3/13 2:48:29 PM org.neo4j.server.modules.DiscoveryModule INFO: Mounted discovery module at [/]
Logger not configured, logging to std out instead: [FINE] Adding JAXRS packages [org.neo4j.server.rest.web] at [/db/data]
5/3/13 2:48:29 PM org.neo4j.server.plugins.PluginManager INFO: Loaded server plugin "CypherPlugin"
5/3/13 2:48:29 PM org.neo4j.server.plugins.PluginManager INFO: Loaded server plugin "GremlinPlugin"
5/3/13 2:48:29 PM org.neo4j.server.modules.RESTApiModule INFO: Mounted REST API at [/db/data/]
Logger not configured, logging to std out instead: [FINE] Adding JAXRS packages [org.neo4j.server.webadmin.rest] at [/db/manage]
5/3/13 2:48:29 PM org.neo4j.server.modules.ManagementApiModule INFO: Mounted management API at [/db/manage/]
5/3/13 2:48:29 PM org.neo4j.server.modules.WebAdminModule INFO: Mounted webadmin at [/webadmin]
14:48:29.277 [main] INFO  org.mortbay.log - Logging to Logger[org.mortbay.log] via org.mortbay.log.Slf4jLog
5/3/13 2:48:29 PM org.neo4j.server.web.Jetty6WebServer INFO: Mounting static content at [/webadmin] from [webadmin-html]
Logger not configured, logging to std out instead: [FINE] Found [jar:file:/Users/fode/proj/vacRuby/neo4j/system/lib/neo4j-server-1.8.2-static-web.jar!/webadmin-html]
Logger not configured, logging to std out instead: [FINE] Mounting static content from [jar:file:/Users/fode/proj/vacRuby/neo4j/system/lib/neo4j-server-1.8.2-static-web.jar!/webadmin-html] at [/webadmin]
Logger not configured, logging to std out instead: [FINE] Mounting servlet at [/db/manage]
Logger not configured, logging to std out instead: [FINE] Mounting servlet at [/db/data]
Logger not configured, logging to std out instead: [FINE] Mounting servlet at [/]
14:48:29.307 [main] INFO  org.mortbay.log - jetty-6.1.25
14:48:29.360 [main] INFO  org.mortbay.log - NO JSP Support for /webadmin, did not find org.apache.jasper.servlet.JspServlet
14:48:30.336 [main] INFO  org.mortbay.log - Started SelectChannelConnector@localhost:7474
14:48:30.446 [main] INFO  org.mortbay.log - Started SslSocketConnector@localhost:7473
5/3/13 2:48:30 PM org.neo4j.server.AbstractNeoServer INFO: Server started on [http://localhost:7474/]
