2013-05-06 13:02:36,344 INFO  [neo4j.txmanager]: TM new log: tm_tx_log.1
2013-05-06 13:02:36,358 INFO  [neo4j.xafactory]: Opened logical log [/Users/fode/proj/vacRuby/neo4j/data/graph.db/index/lucene.log.1] version=0, lastTxId=1 (clean)
2013-05-06 13:02:36,360 DEBUG [neo4j.diagnostics]: --- STARTUP diagnostics START ---
2013-05-06 13:02:36,361 DEBUG [neo4j.diagnostics]: Neo4j Kernel properties:
2013-05-06 13:02:36,362 DEBUG [neo4j.diagnostics]: forced_kernel_id=
2013-05-06 13:02:36,362 DEBUG [neo4j.diagnostics]: read_only=false
2013-05-06 13:02:36,362 DEBUG [neo4j.diagnostics]: neo4j.ext.udc.host=udc.neo4j.org
2013-05-06 13:02:36,362 DEBUG [neo4j.diagnostics]: logical_log=nioneo_logical.log
2013-05-06 13:02:36,362 DEBUG [neo4j.diagnostics]: node_auto_indexing=false
2013-05-06 13:02:36,362 DEBUG [neo4j.diagnostics]: intercept_committing_transactions=false
2013-05-06 13:02:36,362 DEBUG [neo4j.diagnostics]: remote_shell_name=shell
2013-05-06 13:02:36,362 DEBUG [neo4j.diagnostics]: cache_type=soft
2013-05-06 13:02:36,362 DEBUG [neo4j.diagnostics]: intercept_deserialized_transactions=false
2013-05-06 13:02:36,362 DEBUG [neo4j.diagnostics]: lucene_searcher_cache_size=2147483647
2013-05-06 13:02:36,362 DEBUG [neo4j.diagnostics]: neo4j.ext.udc.interval=86400000
2013-05-06 13:02:36,363 DEBUG [neo4j.diagnostics]: use_memory_mapped_buffers=true
2013-05-06 13:02:36,363 DEBUG [neo4j.diagnostics]: rebuild_idgenerators_fast=true
2013-05-06 13:02:36,363 DEBUG [neo4j.diagnostics]: neostore.propertystore.db.index.keys.mapped_memory=1M
2013-05-06 13:02:36,363 DEBUG [neo4j.diagnostics]: neostore.propertystore.db.arrays.mapped_memory=1277M
2013-05-06 13:02:36,363 DEBUG [neo4j.diagnostics]: neostore.propertystore.db.strings.mapped_memory=1127M
2013-05-06 13:02:36,363 DEBUG [neo4j.diagnostics]: log_mapped_memory_stats_filename=mapped_memory_stats.log
2013-05-06 13:02:36,363 DEBUG [neo4j.diagnostics]: log_mapped_memory_stats_interval=1000000
2013-05-06 13:02:36,363 DEBUG [neo4j.diagnostics]: gcr_cache_min_log_interval=60s
2013-05-06 13:02:36,363 DEBUG [neo4j.diagnostics]: relationship_grab_size=100
2013-05-06 13:02:36,363 DEBUG [neo4j.diagnostics]: relationship_auto_indexing=false
2013-05-06 13:02:36,363 DEBUG [neo4j.diagnostics]: remote_shell_read_only=false
2013-05-06 13:02:36,363 DEBUG [neo4j.diagnostics]: node_cache_array_fraction=1.0
2013-05-06 13:02:36,363 DEBUG [neo4j.diagnostics]: allow_store_upgrade=false
2013-05-06 13:02:36,363 DEBUG [neo4j.diagnostics]: execution_guard_enabled=false
2013-05-06 13:02:36,363 DEBUG [neo4j.diagnostics]: relationship_cache_array_fraction=1.0
2013-05-06 13:02:36,363 DEBUG [neo4j.diagnostics]: store_dir=data/graph.db
2013-05-06 13:02:36,363 DEBUG [neo4j.diagnostics]: remote_logging_host=127.0.0.1
2013-05-06 13:02:36,363 DEBUG [neo4j.diagnostics]: online_backup_enabled=false
2013-05-06 13:02:36,363 DEBUG [neo4j.diagnostics]: remote_logging_port=4560
2013-05-06 13:02:36,363 DEBUG [neo4j.diagnostics]: gc_monitor_threshold=200ms
2013-05-06 13:02:36,363 DEBUG [neo4j.diagnostics]: array_block_size=120
2013-05-06 13:02:36,363 DEBUG [neo4j.diagnostics]: load_kernel_extensions=true
2013-05-06 13:02:36,363 DEBUG [neo4j.diagnostics]: neostore.relationshipstore.db.mapped_memory=1624M
2013-05-06 13:02:36,363 DEBUG [neo4j.diagnostics]: keep_logical_logs=true
2013-05-06 13:02:36,363 DEBUG [neo4j.diagnostics]: dump_configuration=false
2013-05-06 13:02:36,363 DEBUG [neo4j.diagnostics]: gc_monitor_wait_time=100ms
2013-05-06 13:02:36,363 DEBUG [neo4j.diagnostics]: neostore.nodestore.db.mapped_memory=368M
2013-05-06 13:02:36,363 DEBUG [neo4j.diagnostics]: neo4j.ext.udc.first_delay=600000
2013-05-06 13:02:36,364 DEBUG [neo4j.diagnostics]: remote_shell_enabled=true
2013-05-06 13:02:36,364 DEBUG [neo4j.diagnostics]: neo4j.ext.udc.reg=unreg
2013-05-06 13:02:36,364 DEBUG [neo4j.diagnostics]: remote_shell_port=1337
2013-05-06 13:02:36,364 DEBUG [neo4j.diagnostics]: ephemeral=false
2013-05-06 13:02:36,364 DEBUG [neo4j.diagnostics]: log_mapped_memory_stats=false
2013-05-06 13:02:36,364 DEBUG [neo4j.diagnostics]: neo_store=neostore
2013-05-06 13:02:36,364 DEBUG [neo4j.diagnostics]: mapped_memory_page_size=1M
2013-05-06 13:02:36,364 DEBUG [neo4j.diagnostics]: query_cache_size=100
2013-05-06 13:02:36,364 DEBUG [neo4j.diagnostics]: logging.threshold_for_rotation=104857600
2013-05-06 13:02:36,364 DEBUG [neo4j.diagnostics]: neostore.propertystore.db.index.mapped_memory=1M
2013-05-06 13:02:36,364 DEBUG [neo4j.diagnostics]: backup_slave=false
2013-05-06 13:02:36,364 DEBUG [neo4j.diagnostics]: neostore.propertystore.db.mapped_memory=1326M
2013-05-06 13:02:36,364 DEBUG [neo4j.diagnostics]: string_block_size=120
2013-05-06 13:02:36,364 DEBUG [neo4j.diagnostics]: grab_file_lock=true
2013-05-06 13:02:36,364 DEBUG [neo4j.diagnostics]: remote_logging_enabled=false
2013-05-06 13:02:36,364 DEBUG [neo4j.diagnostics]: neo4j.ext.udc.enabled=true
2013-05-06 13:02:36,364 DEBUG [neo4j.diagnostics]: all_stores_total_mapped_memory_size=500M
2013-05-06 13:02:36,364 DEBUG [neo4j.diagnostics]: online_backup_port=6362
2013-05-06 13:02:36,364 DEBUG [neo4j.diagnostics]: neo4j.ext.udc.source=server
2013-05-06 13:02:36,365 DEBUG [neo4j.diagnostics]: Diagnostics providers:
2013-05-06 13:02:36,365 DEBUG [neo4j.diagnostics]: org.neo4j.kernel.configuration.Config
2013-05-06 13:02:36,365 DEBUG [neo4j.diagnostics]: org.neo4j.kernel.info.DiagnosticsManager
2013-05-06 13:02:36,365 DEBUG [neo4j.diagnostics]: SYSTEM_MEMORY
2013-05-06 13:02:36,365 DEBUG [neo4j.diagnostics]: JAVA_MEMORY
2013-05-06 13:02:36,365 DEBUG [neo4j.diagnostics]: OPERATING_SYSTEM
2013-05-06 13:02:36,365 DEBUG [neo4j.diagnostics]: JAVA_VIRTUAL_MACHINE
2013-05-06 13:02:36,365 DEBUG [neo4j.diagnostics]: CLASSPATH
2013-05-06 13:02:36,365 DEBUG [neo4j.diagnostics]: LIBRARY_PATH
2013-05-06 13:02:36,365 DEBUG [neo4j.diagnostics]: SYSTEM_PROPERTIES
2013-05-06 13:02:36,365 DEBUG [neo4j.diagnostics]: NETWORK
2013-05-06 13:02:36,366 DEBUG [neo4j.diagnostics]: System memory information:
2013-05-06 13:02:36,372 DEBUG [neo4j.diagnostics]: Total Physical memory: 16.00 GB
2013-05-06 13:02:36,373 DEBUG [neo4j.diagnostics]: Free Physical memory: 4.51 GB
2013-05-06 13:02:36,373 DEBUG [neo4j.diagnostics]: Committed virtual memory: 6.65 GB
2013-05-06 13:02:36,374 DEBUG [neo4j.diagnostics]: Total swap space: 4.00 GB
2013-05-06 13:02:36,375 DEBUG [neo4j.diagnostics]: Free swap space: 1.30 GB
2013-05-06 13:02:36,375 DEBUG [neo4j.diagnostics]: JVM memory information:
2013-05-06 13:02:36,375 DEBUG [neo4j.diagnostics]: Free  memory: 213.56 MB
2013-05-06 13:02:36,375 DEBUG [neo4j.diagnostics]: Total memory: 245.38 MB
2013-05-06 13:02:36,376 DEBUG [neo4j.diagnostics]: Max   memory: 3.56 GB
2013-05-06 13:02:36,378 DEBUG [neo4j.diagnostics]: Garbage Collector: PS Scavenge: [PS Eden Space, PS Survivor Space]
2013-05-06 13:02:36,378 DEBUG [neo4j.diagnostics]: Garbage Collector: PS MarkSweep: [PS Eden Space, PS Survivor Space, PS Old Gen, PS Perm Gen]
2013-05-06 13:02:36,380 DEBUG [neo4j.diagnostics]: Memory Pool: Code Cache (Non-heap memory): committed=2.44 MB, used=638.63 kB, max=48.00 MB, threshold=0.00 B
2013-05-06 13:02:36,380 DEBUG [neo4j.diagnostics]: Memory Pool: PS Eden Space (Heap memory): committed=64.06 MB, used=33.10 MB, max=1.31 GB, threshold=?
2013-05-06 13:02:36,380 DEBUG [neo4j.diagnostics]: Memory Pool: PS Survivor Space (Heap memory): committed=10.63 MB, used=0.00 B, max=10.63 MB, threshold=?
2013-05-06 13:02:36,381 DEBUG [neo4j.diagnostics]: Memory Pool: PS Old Gen (Heap memory): committed=170.69 MB, used=0.00 B, max=2.67 GB, threshold=0.00 B
2013-05-06 13:02:36,381 DEBUG [neo4j.diagnostics]: Memory Pool: PS Perm Gen (Non-heap memory): committed=20.75 MB, used=14.65 MB, max=82.00 MB, threshold=0.00 B
2013-05-06 13:02:36,381 DEBUG [neo4j.diagnostics]: Operating system information:
2013-05-06 13:02:36,382 DEBUG [neo4j.diagnostics]: Operating System: Mac OS X; version: 10.8.3; arch: x86_64; cpus: 8
2013-05-06 13:02:36,383 DEBUG [neo4j.diagnostics]: Max number of file descriptors: 10240
2013-05-06 13:02:36,384 DEBUG [neo4j.diagnostics]: Number of open file descriptors: 117
2013-05-06 13:02:36,384 DEBUG [neo4j.diagnostics]: Process id: 99140@Erics-MacBook-Pro.local
2013-05-06 13:02:36,385 DEBUG [neo4j.diagnostics]: Byte order: LITTLE_ENDIAN
2013-05-06 13:02:36,385 DEBUG [neo4j.diagnostics]: Local timezone: America/Los_Angeles
2013-05-06 13:02:36,385 DEBUG [neo4j.diagnostics]: JVM information:
2013-05-06 13:02:36,385 DEBUG [neo4j.diagnostics]: VM Name: Java HotSpot(TM) 64-Bit Server VM
2013-05-06 13:02:36,385 DEBUG [neo4j.diagnostics]: VM Vendor: Apple Inc.
2013-05-06 13:02:36,385 DEBUG [neo4j.diagnostics]: VM Version: 20.45-b01-451
2013-05-06 13:02:36,385 DEBUG [neo4j.diagnostics]: JIT compiler: HotSpot 64-Bit Tiered Compilers
2013-05-06 13:02:36,386 DEBUG [neo4j.diagnostics]: VM Arguments: [-Xserver, -XX:+DisableExplicitGC, -Dorg.neo4j.server.properties=conf/neo4j-server.properties, -Djava.util.logging.config.file=conf/logging.properties, -Dfile.encoding=UTF-8, -Dlog4j.configuration=file:conf/log4j.properties, -Dorg.neo4j.server.properties=/Users/fode/proj/vacRuby/neo4j/conf/neo4j-server.properties, -Djava.util.logging.config.file=/Users/fode/proj/vacRuby/neo4j/conf/logging.properties, -Dneo4j.home=/Users/fode/proj/vacRuby/neo4j, -Dneo4j.instance=/Users/fode/proj/vacRuby/neo4j]
2013-05-06 13:02:36,386 DEBUG [neo4j.diagnostics]: Java classpath:
2013-05-06 13:02:36,391 DEBUG [neo4j.diagnostics]:  [bootstrap] /System/Library/Java/JavaVirtualMachines/1.6.0.jdk/Contents/Classes/charsets.jar
2013-05-06 13:02:36,391 DEBUG [neo4j.diagnostics]:  [loader.1] file:/System/Library/Java/Extensions/dns_sd.jar
2013-05-06 13:02:36,391 DEBUG [neo4j.diagnostics]:  [classpath + loader.0] file:/Users/fode/proj/vacRuby/neo4j/system/lib/logback-access-0.9.30.jar
2013-05-06 13:02:36,391 DEBUG [neo4j.diagnostics]:  [bootstrap] /System/Library/Frameworks/JavaVM.framework/Versions/A/Frameworks/JavaRuntimeSupport.framework/Versions/A/Resources/Java/JavaRuntimeSupport.jar
2013-05-06 13:02:36,391 DEBUG [neo4j.diagnostics]:  [classpath + loader.0] file:/Users/fode/proj/vacRuby/neo4j/system/lib/jackson-jaxrs-1.9.7.jar
2013-05-06 13:02:36,391 DEBUG [neo4j.diagnostics]:  [loader.1] file:/System/Library/Java/Extensions/MRJToolkit.jar
2013-05-06 13:02:36,391 DEBUG [neo4j.diagnostics]:  [classpath + loader.0] file:/Users/fode/proj/vacRuby/neo4j/system/lib/jansi-1.5.jar
2013-05-06 13:02:36,391 DEBUG [neo4j.diagnostics]:  [classpath + loader.0] file:/Users/fode/proj/vacRuby/neo4j/system/lib/jackson-mapper-asl-1.9.7.jar
2013-05-06 13:02:36,391 DEBUG [neo4j.diagnostics]:  [loader.1] file:/System/Library/Java/Extensions/vecmath.jar
2013-05-06 13:02:36,391 DEBUG [neo4j.diagnostics]:  [loader.1] file:/System/Library/Java/Extensions/libmlib_jai.jnilib
2013-05-06 13:02:36,391 DEBUG [neo4j.diagnostics]:  [classpath + loader.0] file:/Users/fode/proj/vacRuby/neo4j/lib/neo4j-udc-1.8.2.jar
2013-05-06 13:02:36,392 DEBUG [neo4j.diagnostics]:  [classpath + loader.0] file:/Users/fode/proj/vacRuby/neo4j/lib/org.apache.servicemix.bundles.jline-0.9.94_1.jar
2013-05-06 13:02:36,392 DEBUG [neo4j.diagnostics]:  [classpath + loader.0] file:/Users/fode/proj/vacRuby/neo4j/lib/concurrentlinkedhashmap-lru-1.3.1.jar
2013-05-06 13:02:36,392 DEBUG [neo4j.diagnostics]:  [classpath + loader.0] file:/Users/fode/proj/vacRuby/neo4j/lib/geronimo-jta_1.1_spec-1.1.1.jar
2013-05-06 13:02:36,392 DEBUG [neo4j.diagnostics]:  [classpath + loader.0] file:/Users/fode/proj/vacRuby/neo4j/lib/scala-library-2.9.1-1.jar
2013-05-06 13:02:36,392 DEBUG [neo4j.diagnostics]:  [classpath + loader.0] file:/Users/fode/proj/vacRuby/neo4j/system/lib/neo4j-gremlin-plugin-1.8.2.jar
2013-05-06 13:02:36,392 DEBUG [neo4j.diagnostics]:  [loader.1] file:/System/Library/Java/JavaVirtualMachines/1.6.0.jdk/Contents/Home/lib/ext/dnsns.jar
2013-05-06 13:02:36,392 DEBUG [neo4j.diagnostics]:  [classpath + loader.0] file:/Users/fode/proj/vacRuby/neo4j/system/lib/blueprints-core-1.2.jar
2013-05-06 13:02:36,392 DEBUG [neo4j.diagnostics]:  [classpath + loader.0] file:/Users/fode/proj/vacRuby/neo4j/system/lib/neo4j-server-1.8.2-static-web.jar
2013-05-06 13:02:36,392 DEBUG [neo4j.diagnostics]:  [classpath + loader.0] file:/Users/fode/proj/vacRuby/neo4j/system/lib/logback-core-0.9.30.jar
2013-05-06 13:02:36,392 DEBUG [neo4j.diagnostics]:  [classpath + loader.0] file:/Users/fode/proj/vacRuby/neo4j/system/lib/groovy-1.8.5.jar
2013-05-06 13:02:36,392 DEBUG [neo4j.diagnostics]:  [bootstrap] /System/Library/Java/JavaVirtualMachines/1.6.0.jdk/Contents/Classes/laf.jar
2013-05-06 13:02:36,392 DEBUG [neo4j.diagnostics]:  [classpath + loader.0] file:/Users/fode/proj/vacRuby/neo4j/system/lib/pipes-1.0.jar
2013-05-06 13:02:36,392 DEBUG [neo4j.diagnostics]:  [classpath + loader.0] file:/Users/fode/proj/vacRuby/neo4j/system/lib/commons-io-1.4.jar
2013-05-06 13:02:36,392 DEBUG [neo4j.diagnostics]:  [classpath + loader.0] file:/Users/fode/proj/vacRuby/neo4j/system/lib/asm-tree-3.2.jar
2013-05-06 13:02:36,392 DEBUG [neo4j.diagnostics]:  [loader.1] file:/System/Library/Java/Extensions/libJ3D.jnilib
2013-05-06 13:02:36,392 DEBUG [neo4j.diagnostics]:  [classpath + loader.0] file:/Users/fode/proj/vacRuby/neo4j/system/lib/asm-commons-3.2.jar
2013-05-06 13:02:36,392 DEBUG [neo4j.diagnostics]:  [loader.1] file:/System/Library/Java/Extensions/mlibwrapper_jai.jar
2013-05-06 13:02:36,392 DEBUG [neo4j.diagnostics]:  [classpath + loader.0] file:/Users/fode/proj/vacRuby/neo4j/lib/neo4j-lucene-index-1.8.2.jar
2013-05-06 13:02:36,392 DEBUG [neo4j.diagnostics]:  [bootstrap] /System/Library/Java/JavaVirtualMachines/1.6.0.jdk/Contents/Classes/classes.jar
2013-05-06 13:02:36,392 DEBUG [neo4j.diagnostics]:  [loader.1] file:/System/Library/Java/JavaVirtualMachines/1.6.0.jdk/Contents/Home/lib/ext/localedata.jar
2013-05-06 13:02:36,392 DEBUG [neo4j.diagnostics]:  [classpath + loader.0] file:/Users/fode/proj/vacRuby/neo4j/system/lib/mimepull-1.6.jar
2013-05-06 13:02:36,392 DEBUG [neo4j.diagnostics]:  [classpath + loader.0] file:/Users/fode/proj/vacRuby/neo4j/system/lib/commons-configuration-1.6.jar
2013-05-06 13:02:36,392 DEBUG [neo4j.diagnostics]:  [classpath + loader.0] file:/Users/fode/proj/vacRuby/neo4j/lib/neo4j-graph-algo-1.8.2.jar
2013-05-06 13:02:36,392 DEBUG [neo4j.diagnostics]:  [loader.1] file:/System/Library/Java/Extensions/QTJava.zip
2013-05-06 13:02:36,392 DEBUG [neo4j.diagnostics]:  [classpath + loader.0] file:/Users/fode/proj/vacRuby/neo4j/system/lib/commons-beanutils-1.8.0.jar
2013-05-06 13:02:36,392 DEBUG [neo4j.diagnostics]:  [classpath + loader.0] file:/Users/fode/proj/vacRuby/neo4j/system/lib/servlet-api-2.5-20081211.jar
2013-05-06 13:02:36,392 DEBUG [neo4j.diagnostics]:  [classpath + loader.0] file:/Users/fode/proj/vacRuby/neo4j/system/lib/slf4j-api-1.6.2.jar
2013-05-06 13:02:36,392 DEBUG [neo4j.diagnostics]:  [loader.1] file:/System/Library/Java/Extensions/libJ3DAudio.jnilib
2013-05-06 13:02:36,392 DEBUG [neo4j.diagnostics]:  [loader.1] file:/System/Library/Java/Extensions/libAppleScriptEngine.jnilib
2013-05-06 13:02:36,392 DEBUG [neo4j.diagnostics]:  [bootstrap] /System/Library/Java/JavaVirtualMachines/1.6.0.jdk/Contents/Classes/ui.jar
2013-05-06 13:02:36,392 DEBUG [neo4j.diagnostics]:  [classpath + loader.0] file:/Users/fode/proj/vacRuby/neo4j/system/lib/jersey-multipart-1.9.jar
2013-05-06 13:02:36,393 DEBUG [neo4j.diagnostics]:  [loader.1] file:/System/Library/Java/Extensions/j3daudio.jar
2013-05-06 13:02:36,393 DEBUG [neo4j.diagnostics]:  [classpath + loader.0] file:/Users/fode/proj/vacRuby/neo4j/system/lib/jcl-over-slf4j-1.6.1.jar
2013-05-06 13:02:36,393 DEBUG [neo4j.diagnostics]:  [classpath + loader.0] file:/Users/fode/proj/vacRuby/neo4j/system/lib/commons-collections-3.2.1.jar
2013-05-06 13:02:36,393 DEBUG [neo4j.diagnostics]:  [loader.1] file:/System/Library/Java/Extensions/libJ3DUtils.jnilib
2013-05-06 13:02:36,393 DEBUG [neo4j.diagnostics]:  [classpath + loader.0] file:/Users/fode/proj/vacRuby/neo4j/system/lib/jersey-core-1.9.jar
2013-05-06 13:02:36,393 DEBUG [neo4j.diagnostics]:  [loader.1] file:/System/Library/Java/Extensions/libQTJNative.jnilib
2013-05-06 13:02:36,393 DEBUG [neo4j.diagnostics]:  [loader.1] file:/System/Library/Java/Extensions/j3dcore.jar
2013-05-06 13:02:36,393 DEBUG [neo4j.diagnostics]:  [classpath + loader.0] file:/Users/fode/proj/vacRuby/neo4j/system/lib/neo4j-server-1.8.2.jar
2013-05-06 13:02:36,393 DEBUG [neo4j.diagnostics]:  [classpath + loader.0] file:/Users/fode/proj/vacRuby/neo4j/system/lib/gremlin-java-1.5.jar
2013-05-06 13:02:36,393 DEBUG [neo4j.diagnostics]:  [bootstrap] /System/Library/Java/JavaVirtualMachines/1.6.0.jdk/Contents/Classes/sunrsasign.jar
2013-05-06 13:02:36,393 DEBUG [neo4j.diagnostics]:  [classpath + loader.0] file:/Users/fode/proj/vacRuby/neo4j/system/lib/blueprints-neo4j-graph-1.2.jar
2013-05-06 13:02:36,393 DEBUG [neo4j.diagnostics]:  [classpath + loader.0] file:/Users/fode/proj/vacRuby/neo4j/system/lib/stax-api-1.0.1.jar
2013-05-06 13:02:36,393 DEBUG [neo4j.diagnostics]:  [loader.1] file:/System/Library/Java/Extensions/j3dutils.jar
2013-05-06 13:02:36,393 DEBUG [neo4j.diagnostics]:  [classpath + loader.0] file:/Users/fode/proj/vacRuby/neo4j/system/lib/janino-2.5.10.jar
2013-05-06 13:02:36,393 DEBUG [neo4j.diagnostics]:  [classpath + loader.0] file:/Users/fode/proj/vacRuby/neo4j/lib/server-api-1.8.2.jar
2013-05-06 13:02:36,393 DEBUG [neo4j.diagnostics]:  [loader.1] file:/System/Library/Java/Extensions/jai_core.jar
2013-05-06 13:02:36,393 DEBUG [neo4j.diagnostics]:  [classpath + loader.0] file:/Users/fode/proj/vacRuby/neo4j/system/lib/commons-digester-1.8.1.jar
2013-05-06 13:02:36,393 DEBUG [neo4j.diagnostics]:  [classpath + loader.0] file:/Users/fode/proj/vacRuby/neo4j/system/lib/asm-util-3.2.jar
2013-05-06 13:02:36,393 DEBUG [neo4j.diagnostics]:  [classpath + loader.0] file:/Users/fode/proj/vacRuby/neo4j/system/lib/antlr-2.7.7.jar
2013-05-06 13:02:36,393 DEBUG [neo4j.diagnostics]:  [classpath + loader.0] file:/Users/fode/proj/vacRuby/neo4j/system/lib/jersey-server-1.9.jar
2013-05-06 13:02:36,393 DEBUG [neo4j.diagnostics]:  [classpath + loader.0] file:/Users/fode/proj/vacRuby/neo4j/system/lib/jetty-6.1.25.jar
2013-05-06 13:02:36,393 DEBUG [neo4j.diagnostics]:  [loader.1] file:/System/Library/Java/Extensions/jai_codec.jar
2013-05-06 13:02:36,393 DEBUG [neo4j.diagnostics]:  [classpath + loader.0] file:/Users/fode/proj/vacRuby/neo4j/system/lib/jettison-1.3.jar
2013-05-06 13:02:36,393 DEBUG [neo4j.diagnostics]:  [classpath + loader.0] file:/Users/fode/proj/vacRuby/neo4j/lib/neo4j-kernel-1.8.2.jar
2013-05-06 13:02:36,393 DEBUG [neo4j.diagnostics]:  [classpath + loader.0] file:/Users/fode/proj/vacRuby/neo4j/conf/
2013-05-06 13:02:36,393 DEBUG [neo4j.diagnostics]:  [loader.1] file:/System/Library/Java/JavaVirtualMachines/1.6.0.jdk/Contents/Home/lib/ext/sunjce_provider.jar
2013-05-06 13:02:36,393 DEBUG [neo4j.diagnostics]:  [classpath + loader.0] file:/Users/fode/proj/vacRuby/neo4j/lib/neo4j-cypher-1.8.2.jar
2013-05-06 13:02:36,393 DEBUG [neo4j.diagnostics]:  [classpath + loader.0] file:/Users/fode/proj/vacRuby/neo4j/system/lib/jetty-util-6.1.25.jar
2013-05-06 13:02:36,393 DEBUG [neo4j.diagnostics]:  [classpath + loader.0] file:/Users/fode/proj/vacRuby/neo4j/system/lib/jackson-core-asl-1.9.7.jar
2013-05-06 13:02:36,393 DEBUG [neo4j.diagnostics]:  [classpath + loader.0] file:/Users/fode/proj/vacRuby/neo4j/system/lib/commons-logging-1.1.1.jar
2013-05-06 13:02:36,394 DEBUG [neo4j.diagnostics]:  [classpath + loader.0] file:/Users/fode/proj/vacRuby/neo4j/system/lib/bcprov-jdk16-140.jar
2013-05-06 13:02:36,394 DEBUG [neo4j.diagnostics]:  [classpath + loader.0] file:/Users/fode/proj/vacRuby/neo4j/system/lib/jsr311-api-1.1.2.r612.jar
2013-05-06 13:02:36,394 DEBUG [neo4j.diagnostics]:  [classpath + loader.0] file:/Users/fode/proj/vacRuby/neo4j/system/lib/asm-analysis-3.2.jar
2013-05-06 13:02:36,394 DEBUG [neo4j.diagnostics]:  [classpath + loader.0] file:/Users/fode/proj/vacRuby/neo4j/lib/neo4j-jmx-1.8.2.jar
2013-05-06 13:02:36,394 DEBUG [neo4j.diagnostics]:  [classpath + loader.0] file:/Users/fode/proj/vacRuby/neo4j/lib/neo4j-graph-matching-1.8.2.jar
2013-05-06 13:02:36,394 DEBUG [neo4j.diagnostics]:  [classpath + loader.0] file:/Users/fode/proj/vacRuby/neo4j/system/lib/commons-lang-2.4.jar
2013-05-06 13:02:36,394 DEBUG [neo4j.diagnostics]:  [bootstrap] /System/Library/Java/JavaVirtualMachines/1.6.0.jdk/Contents/Home/lib/jce.jar
2013-05-06 13:02:36,394 DEBUG [neo4j.diagnostics]:  [bootstrap] /System/Library/Java/JavaVirtualMachines/1.6.0.jdk/Contents/Classes/jsse.jar
2013-05-06 13:02:36,394 DEBUG [neo4j.diagnostics]:  [classpath + loader.0] file:/Users/fode/proj/vacRuby/neo4j/lib/neo4j-shell-1.8.2.jar
2013-05-06 13:02:36,394 DEBUG [neo4j.diagnostics]:  [classpath + loader.0] file:/Users/fode/proj/vacRuby/neo4j/system/lib/logback-classic-0.9.30.jar
2013-05-06 13:02:36,394 DEBUG [neo4j.diagnostics]:  [classpath + loader.0] file:/Users/fode/proj/vacRuby/neo4j/system/lib/commons-beanutils-core-1.8.0.jar
2013-05-06 13:02:36,394 DEBUG [neo4j.diagnostics]:  [loader.1] file:/System/Library/Java/Extensions/AppleScriptEngine.jar
2013-05-06 13:02:36,394 DEBUG [neo4j.diagnostics]:  [classpath + loader.0] file:/Users/fode/proj/vacRuby/neo4j/system/lib/neo4j-cypher-plugin-1.8.2.jar
2013-05-06 13:02:36,394 DEBUG [neo4j.diagnostics]:  [classpath + loader.0] file:/Users/fode/proj/vacRuby/neo4j/system/lib/asm-3.1.jar
2013-05-06 13:02:36,394 DEBUG [neo4j.diagnostics]:  [loader.1] file:/System/Library/Java/JavaVirtualMachines/1.6.0.jdk/Contents/Home/lib/ext/apple_provider.jar
2013-05-06 13:02:36,394 DEBUG [neo4j.diagnostics]:  [bootstrap] /System/Library/Java/JavaVirtualMachines/1.6.0.jdk/Contents/Classes/jsfd.jar
2013-05-06 13:02:36,394 DEBUG [neo4j.diagnostics]:  [classpath + loader.0] file:/Users/fode/proj/vacRuby/neo4j/lib/lucene-core-3.5.0.jar
2013-05-06 13:02:36,394 DEBUG [neo4j.diagnostics]:  [loader.1] file:/System/Library/Java/JavaVirtualMachines/1.6.0.jdk/Contents/Home/lib/ext/sunpkcs11.jar
2013-05-06 13:02:36,394 DEBUG [neo4j.diagnostics]:  [classpath + loader.0] file:/Users/fode/proj/vacRuby/neo4j/system/lib/rrd4j-2.0.7.jar
2013-05-06 13:02:36,394 DEBUG [neo4j.diagnostics]:  [classpath + loader.0] file:/Users/fode/proj/vacRuby/neo4j/system/lib/gremlin-groovy-1.5.jar
2013-05-06 13:02:36,394 DEBUG [neo4j.diagnostics]: Library path:
2013-05-06 13:02:36,394 DEBUG [neo4j.diagnostics]: /Users/fode/proj/vacRuby/neo4j
2013-05-06 13:02:36,394 DEBUG [neo4j.diagnostics]: /Library/Java/Extensions
2013-05-06 13:02:36,394 DEBUG [neo4j.diagnostics]: /System/Library/Java/Extensions
2013-05-06 13:02:36,395 DEBUG [neo4j.diagnostics]: /usr/lib/java
2013-05-06 13:02:36,395 DEBUG [neo4j.diagnostics]: System.properties:
2013-05-06 13:02:36,395 DEBUG [neo4j.diagnostics]: sun.boot.library.path = /System/Library/Java/JavaVirtualMachines/1.6.0.jdk/Contents/Libraries
2013-05-06 13:02:36,395 DEBUG [neo4j.diagnostics]: awt.nativeDoubleBuffering = true
2013-05-06 13:02:36,395 DEBUG [neo4j.diagnostics]: org.neo4j.server.properties = /Users/fode/proj/vacRuby/neo4j/conf/neo4j-server.properties
2013-05-06 13:02:36,395 DEBUG [neo4j.diagnostics]: gopherProxySet = false
2013-05-06 13:02:36,395 DEBUG [neo4j.diagnostics]: mrj.build = 11M4406
2013-05-06 13:02:36,395 DEBUG [neo4j.diagnostics]: path.separator = :
2013-05-06 13:02:36,395 DEBUG [neo4j.diagnostics]: file.encoding.pkg = sun.io
2013-05-06 13:02:36,395 DEBUG [neo4j.diagnostics]: sun.java.launcher = SUN_STANDARD
2013-05-06 13:02:36,395 DEBUG [neo4j.diagnostics]: user.country = US
2013-05-06 13:02:36,395 DEBUG [neo4j.diagnostics]: sun.os.patch.level = unknown
2013-05-06 13:02:36,395 DEBUG [neo4j.diagnostics]: user.dir = /Users/fode/proj/vacRuby/neo4j
2013-05-06 13:02:36,395 DEBUG [neo4j.diagnostics]: log4j.configuration = file:conf/log4j.properties
2013-05-06 13:02:36,395 DEBUG [neo4j.diagnostics]: sun.jnu.encoding = MacRoman
2013-05-06 13:02:36,395 DEBUG [neo4j.diagnostics]: sun.management.compiler = HotSpot 64-Bit Tiered Compilers
2013-05-06 13:02:36,395 DEBUG [neo4j.diagnostics]: http.nonProxyHosts = local|*.local|169.254/16|*.169.254/16
2013-05-06 13:02:36,395 DEBUG [neo4j.diagnostics]: user.home = /Users/fode
2013-05-06 13:02:36,395 DEBUG [neo4j.diagnostics]: user.timezone = America/Los_Angeles
2013-05-06 13:02:36,395 DEBUG [neo4j.diagnostics]: file.encoding = UTF-8
2013-05-06 13:02:36,396 DEBUG [neo4j.diagnostics]: user.name = fode
2013-05-06 13:02:36,396 DEBUG [neo4j.diagnostics]: sun.java.command = org.neo4j.server.Bootstrapper
2013-05-06 13:02:36,396 DEBUG [neo4j.diagnostics]: sun.arch.data.model = 64
2013-05-06 13:02:36,396 DEBUG [neo4j.diagnostics]: user.language = en
2013-05-06 13:02:36,396 DEBUG [neo4j.diagnostics]: awt.toolkit = apple.awt.CToolkit
2013-05-06 13:02:36,396 DEBUG [neo4j.diagnostics]: file.separator = /
2013-05-06 13:02:36,396 DEBUG [neo4j.diagnostics]: sun.io.unicode.encoding = UnicodeLittle
2013-05-06 13:02:36,396 DEBUG [neo4j.diagnostics]: sun.cpu.endian = little
2013-05-06 13:02:36,396 DEBUG [neo4j.diagnostics]: mrj.version = 1070.1.6.0_45-451
2013-05-06 13:02:36,396 DEBUG [neo4j.diagnostics]: socksNonProxyHosts = local|*.local|169.254/16|*.169.254/16
2013-05-06 13:02:36,396 DEBUG [neo4j.diagnostics]: neo4j.instance = /Users/fode/proj/vacRuby/neo4j
2013-05-06 13:02:36,396 DEBUG [neo4j.diagnostics]: ftp.nonProxyHosts = local|*.local|169.254/16|*.169.254/16
2013-05-06 13:02:36,396 DEBUG [neo4j.diagnostics]: neo4j.home = /Users/fode/proj/vacRuby/neo4j
2013-05-06 13:02:36,396 DEBUG [neo4j.diagnostics]: sun.cpu.isalist = 
2013-05-06 13:02:36,396 DEBUG [neo4j.diagnostics]: Network information:
2013-05-06 13:02:36,397 DEBUG [neo4j.diagnostics]: Interface en0:
2013-05-06 13:02:36,398 DEBUG [neo4j.diagnostics]:     address: fe80:0:0:0:1610:9fff:fedb:183d%4
2013-05-06 13:02:36,398 DEBUG [neo4j.diagnostics]:     address: 10.10.10.52
2013-05-06 13:02:36,398 DEBUG [neo4j.diagnostics]: Interface lo0:
2013-05-06 13:02:36,398 DEBUG [neo4j.diagnostics]:     address: 0:0:0:0:0:0:0:1
2013-05-06 13:02:36,398 DEBUG [neo4j.diagnostics]:     address: fe80:0:0:0:0:0:0:1%1
2013-05-06 13:02:36,398 DEBUG [neo4j.diagnostics]:     address: 127.0.0.1
2013-05-06 13:02:36,398 DEBUG [neo4j.diagnostics]: --- STARTUP diagnostics END ---
2013-05-06 13:02:36,400 INFO  [neo4j.txmanager]: Recovery completed, all transactions have been resolved to a consistent state.
2013-05-06 13:02:36,448 INFO  [neo4j.extension]: Extension org.neo4j.kernel.KernelExtension[kernel jmx] loaded ok
2013-05-06 13:02:36,450 INFO  [neo4j.extension]: Extension org.neo4j.kernel.KernelExtension[kernel udc] loaded ok
2013-05-06 13:02:36,539 INFO  [neo4j.extension]: Extension org.neo4j.kernel.KernelExtension[shell] loaded ok
2013-05-06 13:02:36,541 DEBUG [neo4j.diagnostics]: --- STARTUP diagnostics for KernelDiagnostics:Versions START ---
2013-05-06 13:02:36,541 DEBUG [neo4j.diagnostics]: Graph Database: org.neo4j.kernel.EmbeddedGraphDatabase StoreId[time:1367870556100, id:-4174042209475685604, store version: 13561656364791302]
2013-05-06 13:02:36,541 DEBUG [neo4j.diagnostics]: Kernel version: Neo4j - Graph Database Kernel 1.8.2
2013-05-06 13:02:36,541 DEBUG [neo4j.diagnostics]: Neo4j component versions:
2013-05-06 13:02:36,542 DEBUG [neo4j.diagnostics]:   Neo4j - Graph Database Kernel 1.8.2
2013-05-06 13:02:36,542 DEBUG [neo4j.diagnostics]: --- STARTUP diagnostics for KernelDiagnostics:Versions END ---
2013-05-06 13:02:36,544 DEBUG [neo4j.diagnostics]: --- STARTUP diagnostics for NEO_STORE_VERSIONS START ---
2013-05-06 13:02:36,544 DEBUG [neo4j.diagnostics]: Store versions:
2013-05-06 13:02:36,544 DEBUG [neo4j.diagnostics]: Store versions:
2013-05-06 13:02:36,545 DEBUG [neo4j.diagnostics]:   NeoStore v0.A.0
2013-05-06 13:02:36,545 DEBUG [neo4j.diagnostics]:   NodeStore v0.A.0
2013-05-06 13:02:36,545 DEBUG [neo4j.diagnostics]:   RelationshipStore v0.A.0
2013-05-06 13:02:36,545 DEBUG [neo4j.diagnostics]:   RelationshipTypeStore v0.A.0
2013-05-06 13:02:36,545 DEBUG [neo4j.diagnostics]:   PropertyStore v0.A.0
2013-05-06 13:02:36,545 DEBUG [neo4j.diagnostics]:   PropertyIndexStore v0.A.0
2013-05-06 13:02:36,545 DEBUG [neo4j.diagnostics]:   StringPropertyStore v0.A.0
2013-05-06 13:02:36,545 DEBUG [neo4j.diagnostics]:   ArrayPropertyStore v0.A.0
2013-05-06 13:02:36,545 DEBUG [neo4j.diagnostics]: --- STARTUP diagnostics for NEO_STORE_VERSIONS END ---
2013-05-06 13:02:36,545 DEBUG [neo4j.diagnostics]: --- STARTUP diagnostics for NEO_STORE_ID_USAGE START ---
2013-05-06 13:02:36,545 DEBUG [neo4j.diagnostics]: Id usage:
2013-05-06 13:02:36,545 DEBUG [neo4j.diagnostics]: Id usage:
2013-05-06 13:02:36,545 DEBUG [neo4j.diagnostics]:   NodeStore: used=1 high=0
2013-05-06 13:02:36,546 DEBUG [neo4j.diagnostics]:   RelationshipStore: used=0 high=-1
2013-05-06 13:02:36,546 DEBUG [neo4j.diagnostics]:   RelationshipTypeStore: used=0 high=-1
2013-05-06 13:02:36,546 DEBUG [neo4j.diagnostics]:   PropertyStore: used=0 high=-1
2013-05-06 13:02:36,546 DEBUG [neo4j.diagnostics]:   PropertyIndexStore: used=0 high=-1
2013-05-06 13:02:36,546 DEBUG [neo4j.diagnostics]:   StringPropertyStore: used=1 high=0
2013-05-06 13:02:36,546 DEBUG [neo4j.diagnostics]:   ArrayPropertyStore: used=1 high=0
2013-05-06 13:02:36,546 DEBUG [neo4j.diagnostics]: --- STARTUP diagnostics for NEO_STORE_ID_USAGE END ---
2013-05-06 13:02:36,546 DEBUG [neo4j.diagnostics]: --- STARTUP diagnostics for PERSISTENCE_WINDOW_POOL_STATS START ---
2013-05-06 13:02:36,546 DEBUG [neo4j.diagnostics]: --- STARTUP diagnostics for PERSISTENCE_WINDOW_POOL_STATS END ---
2013-05-06 13:02:36,547 DEBUG [neo4j.diagnostics]: --- STARTUP diagnostics for KernelDiagnostics:StoreFiles START ---
2013-05-06 13:02:36,547 DEBUG [neo4j.diagnostics]: Disk space on partition (Total / Free / Free %): 335000010752 / 134827433984 / 59
Storage files: (filename : modification date - size)
2013-05-06 13:02:36,548 DEBUG [neo4j.diagnostics]:   active_tx_log: 2013-05-06T13:02:36-0700 - 11.00 B
2013-05-06 13:02:36,548 DEBUG [neo4j.diagnostics]:   index:
2013-05-06 13:02:36,548 DEBUG [neo4j.diagnostics]:     lucene-store.db: 2013-05-06T13:02:36-0700 - 40.00 B
2013-05-06 13:02:36,549 DEBUG [neo4j.diagnostics]:     lucene.log.1: 2013-05-06T13:02:36-0700 - 16.00 B
2013-05-06 13:02:36,549 DEBUG [neo4j.diagnostics]:     lucene.log.active: 2013-05-06T13:02:36-0700 - 4.00 B
2013-05-06 13:02:36,549 DEBUG [neo4j.diagnostics]:   - Total: 2013-05-06T13:02:36-0700 - 60.00 B
2013-05-06 13:02:36,549 DEBUG [neo4j.diagnostics]:   lock: 2013-05-06T13:02:36-0700 - 0.00 B
2013-05-06 13:02:36,550 DEBUG [neo4j.diagnostics]:   messages.log: 2013-05-06T13:02:36-0700 - 29.81 kB
2013-05-06 13:02:36,550 DEBUG [neo4j.diagnostics]:   neostore: 2013-05-06T13:02:36-0700 - 54.00 B
2013-05-06 13:02:36,550 DEBUG [neo4j.diagnostics]:   neostore.id: 2013-05-06T13:02:36-0700 - 9.00 B
2013-05-06 13:02:36,551 DEBUG [neo4j.diagnostics]:   neostore.nodestore.db: 2013-05-06T13:02:36-0700 - 9.00 B
2013-05-06 13:02:36,551 DEBUG [neo4j.diagnostics]:   neostore.nodestore.db.id: 2013-05-06T13:02:36-0700 - 9.00 B
2013-05-06 13:02:36,552 DEBUG [neo4j.diagnostics]:   neostore.propertystore.db: 2013-05-06T13:02:36-0700 - 0.00 B
2013-05-06 13:02:36,552 DEBUG [neo4j.diagnostics]:   neostore.propertystore.db.arrays: 2013-05-06T13:02:36-0700 - 128.00 B
2013-05-06 13:02:36,552 DEBUG [neo4j.diagnostics]:   neostore.propertystore.db.arrays.id: 2013-05-06T13:02:36-0700 - 9.00 B
2013-05-06 13:02:36,553 DEBUG [neo4j.diagnostics]:   neostore.propertystore.db.id: 2013-05-06T13:02:36-0700 - 9.00 B
2013-05-06 13:02:36,553 DEBUG [neo4j.diagnostics]:   neostore.propertystore.db.index: 2013-05-06T13:02:36-0700 - 0.00 B
2013-05-06 13:02:36,553 DEBUG [neo4j.diagnostics]:   neostore.propertystore.db.index.id: 2013-05-06T13:02:36-0700 - 9.00 B
2013-05-06 13:02:36,554 DEBUG [neo4j.diagnostics]:   neostore.propertystore.db.index.keys: 2013-05-06T13:02:36-0700 - 38.00 B
2013-05-06 13:02:36,554 DEBUG [neo4j.diagnostics]:   neostore.propertystore.db.index.keys.id: 2013-05-06T13:02:36-0700 - 9.00 B
2013-05-06 13:02:36,554 DEBUG [neo4j.diagnostics]:   neostore.propertystore.db.strings: 2013-05-06T13:02:36-0700 - 128.00 B
2013-05-06 13:02:36,555 DEBUG [neo4j.diagnostics]:   neostore.propertystore.db.strings.id: 2013-05-06T13:02:36-0700 - 9.00 B
2013-05-06 13:02:36,555 DEBUG [neo4j.diagnostics]:   neostore.relationshipstore.db: 2013-05-06T13:02:36-0700 - 0.00 B
2013-05-06 13:02:36,555 DEBUG [neo4j.diagnostics]:   neostore.relationshipstore.db.id: 2013-05-06T13:02:36-0700 - 9.00 B
2013-05-06 13:02:36,556 DEBUG [neo4j.diagnostics]:   neostore.relationshiptypestore.db: 2013-05-06T13:02:36-0700 - 0.00 B
2013-05-06 13:02:36,556 DEBUG [neo4j.diagnostics]:   neostore.relationshiptypestore.db.id: 2013-05-06T13:02:36-0700 - 9.00 B
2013-05-06 13:02:36,556 DEBUG [neo4j.diagnostics]:   neostore.relationshiptypestore.db.names: 2013-05-06T13:02:36-0700 - 38.00 B
2013-05-06 13:02:36,557 DEBUG [neo4j.diagnostics]:   neostore.relationshiptypestore.db.names.id: 2013-05-06T13:02:36-0700 - 9.00 B
2013-05-06 13:02:36,558 DEBUG [neo4j.diagnostics]:   nioneo_logical.log.1: 2013-05-06T13:02:36-0700 - 16.00 B
2013-05-06 13:02:36,558 DEBUG [neo4j.diagnostics]:   nioneo_logical.log.active: 2013-05-06T13:02:36-0700 - 4.00 B
2013-05-06 13:02:36,559 DEBUG [neo4j.diagnostics]:   store_lock: 2013-05-06T13:02:36-0700 - 0.00 B
2013-05-06 13:02:36,559 DEBUG [neo4j.diagnostics]:   tm_tx_log.1: 2013-05-06T13:02:36-0700 - 0.00 B
2013-05-06 13:02:36,559 DEBUG [neo4j.diagnostics]: --- STARTUP diagnostics for KernelDiagnostics:StoreFiles END ---
2013-05-06 13:02:36,560 INFO  [neo4j]: Started - database is now available
2013-05-06 13:02:36,560 INFO  [neo4j]: GC Monitor started. 
2013-05-06 13:02:36,874 DEBUG [neo4j.diagnostics]: --- SERVER STARTUP START ---
2013-05-06 13:02:36,874 DEBUG [neo4j.diagnostics]: --- STARTUP diagnostics for org.neo4j.server.configuration.Configurator START ---
2013-05-06 13:02:36,876 DEBUG [neo4j.diagnostics]: Server configuration:
2013-05-06 13:02:36,876 DEBUG [neo4j.diagnostics]: org.neo4j.server.database.location = data/graph.db
2013-05-06 13:02:36,876 DEBUG [neo4j.diagnostics]: org.neo4j.server.webserver.port = 7474
2013-05-06 13:02:36,876 DEBUG [neo4j.diagnostics]: org.neo4j.server.webserver.https.enabled = true
2013-05-06 13:02:36,876 DEBUG [neo4j.diagnostics]: org.neo4j.server.webserver.https.port = 7473
2013-05-06 13:02:36,876 DEBUG [neo4j.diagnostics]: org.neo4j.server.webserver.https.cert.location = conf/ssl/snakeoil.cert
2013-05-06 13:02:36,876 DEBUG [neo4j.diagnostics]: org.neo4j.server.webserver.https.key.location = conf/ssl/snakeoil.key
2013-05-06 13:02:36,876 DEBUG [neo4j.diagnostics]: org.neo4j.server.webserver.https.keystore.location = data/keystore
2013-05-06 13:02:36,876 DEBUG [neo4j.diagnostics]: org.neo4j.server.webadmin.rrdb.location = data/rrd
2013-05-06 13:02:36,876 DEBUG [neo4j.diagnostics]: org.neo4j.server.db.tuning.properties = conf/neo4j.properties
2013-05-06 13:02:36,876 DEBUG [neo4j.diagnostics]: org.neo4j.server.http.log.enabled = false
2013-05-06 13:02:36,876 DEBUG [neo4j.diagnostics]: org.neo4j.server.http.log.config = conf/neo4j-http-logging.xml
2013-05-06 13:02:36,876 DEBUG [neo4j.diagnostics]: org.neo4j.server.webadmin.management.uri = /db/manage/
2013-05-06 13:02:36,876 DEBUG [neo4j.diagnostics]: org.neo4j.server.webadmin.data.uri = /db/data/
2013-05-06 13:02:36,876 DEBUG [neo4j.diagnostics]: --- STARTUP diagnostics for org.neo4j.server.configuration.Configurator END ---
2013-05-06 13:02:36,887 DEBUG [neo4j.diagnostics]: Mounted discovery module (org.neo4j.server.rest.discovery) at: /
2013-05-06 13:02:36,910 DEBUG [neo4j.diagnostics]: Loaded server plugin "CypherPlugin" (org.neo4j.server.plugin.cypher.CypherPlugin)
2013-05-06 13:02:36,911 DEBUG [neo4j.diagnostics]:   GraphDatabaseService.execute_query: execute a query
2013-05-06 13:02:36,912 DEBUG [neo4j.diagnostics]: Loaded server plugin "GremlinPlugin" (org.neo4j.server.plugin.gremlin.GremlinPlugin)
2013-05-06 13:02:36,912 DEBUG [neo4j.diagnostics]:   GraphDatabaseService.execute_script: execute a Gremlin script with 'g' set to the Neo4jGraph and 'results' containing the results. Only results of one object type is supported.
2013-05-06 13:02:36,912 DEBUG [neo4j.diagnostics]: Mounted REST API at: /db/data/
2013-05-06 13:02:36,913 DEBUG [neo4j.diagnostics]: Mounted management API at: /db/manage/
2013-05-06 13:02:36,935 DEBUG [neo4j.diagnostics]: Mounted webadmin at: /webadmin
2013-05-06 13:02:37,961 DEBUG [neo4j.diagnostics]: Server started on: http://localhost:7474/
2013-05-06 13:02:37,961 DEBUG [neo4j.diagnostics]: --- SERVER STARTUP END ---
2013-05-06 15:18:51,579 INFO  [neo4j]: GC Monitor: Application threads blocked for an additional 132ms [total block time: 0.132s]
2013-05-06 19:56:44,057 INFO  [neo4j]: GC Monitor: Application threads blocked for an additional 3597316ms [total block time: 3597.448s]
2013-05-06 20:57:08,003 INFO  [neo4j]: GC Monitor: Application threads blocked for an additional 3597330ms [total block time: 7194.778s]
2013-05-06 21:07:39,096 INFO  [neo4j]: GC Monitor: Application threads blocked for an additional 604282ms [total block time: 7799.06s]
2013-05-06 22:09:47,073 INFO  [neo4j]: GC Monitor: Application threads blocked for an additional 3598062ms [total block time: 11397.122s]
2013-05-06 23:10:11,032 INFO  [neo4j]: GC Monitor: Application threads blocked for an additional 3597260ms [total block time: 14994.382s]
2013-05-07 00:10:35,068 INFO  [neo4j]: GC Monitor: Application threads blocked for an additional 3597250ms [total block time: 18591.633s]
2013-05-07 01:10:59,064 INFO  [neo4j]: GC Monitor: Application threads blocked for an additional 3597296ms [total block time: 22188.928s]
2013-05-07 01:11:24,560 INFO  [neo4j]: GC Monitor: Application threads blocked for an additional 263ms [total block time: 22189.191s]
2013-05-07 02:11:23,070 INFO  [neo4j]: GC Monitor: Application threads blocked for an additional 3597369ms [total block time: 25786.56s]
2013-05-07 03:11:47,076 INFO  [neo4j]: GC Monitor: Application threads blocked for an additional 3597368ms [total block time: 29383.928s]
2013-05-07 04:12:11,020 INFO  [neo4j]: GC Monitor: Application threads blocked for an additional 3597357ms [total block time: 32981.285s]
2013-05-07 05:12:35,019 INFO  [neo4j]: GC Monitor: Application threads blocked for an additional 3597419ms [total block time: 36578.703s]
2013-05-07 06:12:59,005 INFO  [neo4j]: GC Monitor: Application threads blocked for an additional 3597327ms [total block time: 40176.03s]
2013-05-07 07:13:23,017 INFO  [neo4j]: GC Monitor: Application threads blocked for an additional 3597303ms [total block time: 43773.336s]
2013-05-07 07:13:48,397 INFO  [neo4j]: GC Monitor: Application threads blocked for an additional 133ms [total block time: 43773.47s]
2013-05-07 08:13:47,100 INFO  [neo4j]: GC Monitor: Application threads blocked for an additional 3597318ms [total block time: 47370.785s]
2013-05-07 09:14:11,067 INFO  [neo4j]: GC Monitor: Application threads blocked for an additional 3597369ms [total block time: 50968.152s]
2013-05-07 10:00:29,000 INFO  [neo4j]: GC Monitor: Application threads blocked for an additional 2751358ms [total block time: 53719.51s]
2013-05-07 10:54:13,038 INFO  [neo4j]: GC Monitor: Application threads blocked for an additional 103031ms [total block time: 53822.543s]
2013-05-07 10:56:23,032 INFO  [neo4j]: GC Monitor: Application threads blocked for an additional 3697ms [total block time: 53826.24s]
2013-05-07 12:05:20,057 INFO  [neo4j]: GC Monitor: Application threads blocked for an additional 1797751ms [total block time: 55623.992s]
2013-05-07 13:10:12,013 INFO  [neo4j]: GC Monitor: Application threads blocked for an additional 3597872ms [total block time: 59221.863s]
2013-05-07 13:24:22,099 INFO  [neo4j]: GC Monitor: Application threads blocked for an additional 823303ms [total block time: 60045.168s]
2013-05-07 14:59:30,060 INFO  [neo4j]: GC Monitor: Application threads blocked for an additional 1796612ms [total block time: 61841.777s]
2013-05-07 15:30:21,051 INFO  [neo4j]: GC Monitor: Application threads blocked for an additional 1797712ms [total block time: 63639.49s]
2013-05-07 15:45:40,049 INFO  [neo4j]: GC Monitor: Application threads blocked for an additional 892325ms [total block time: 64531.816s]
2013-05-07 16:23:29,068 INFO  [neo4j]: GC Monitor: Application threads blocked for an additional 1447087ms [total block time: 65978.91s]
2013-05-07 17:51:04,040 INFO  [neo4j]: GC Monitor: Application threads blocked for an additional 3597781ms [total block time: 69576.68s]
2013-05-07 18:51:28,059 INFO  [neo4j]: GC Monitor: Application threads blocked for an additional 3597333ms [total block time: 73174.016s]
2013-05-07 19:51:52,082 INFO  [neo4j]: GC Monitor: Application threads blocked for an additional 3597375ms [total block time: 76771.39s]
2013-05-07 20:52:16,019 INFO  [neo4j]: GC Monitor: Application threads blocked for an additional 3597317ms [total block time: 80368.7s]
2013-05-07 21:52:40,033 INFO  [neo4j]: GC Monitor: Application threads blocked for an additional 3597395ms [total block time: 83966.1s]
2013-05-07 22:53:04,021 INFO  [neo4j]: GC Monitor: Application threads blocked for an additional 3597312ms [total block time: 87563.414s]
2013-05-07 23:53:28,041 INFO  [neo4j]: GC Monitor: Application threads blocked for an additional 3597298ms [total block time: 91160.71s]
2013-05-08 00:53:52,028 INFO  [neo4j]: GC Monitor: Application threads blocked for an additional 3597304ms [total block time: 94758.016s]
2013-05-08 01:54:16,035 INFO  [neo4j]: GC Monitor: Application threads blocked for an additional 3597421ms [total block time: 98355.44s]
2013-05-08 02:54:40,071 INFO  [neo4j]: GC Monitor: Application threads blocked for an additional 3597357ms [total block time: 101952.79s]
2013-05-08 02:55:05,614 INFO  [neo4j]: GC Monitor: Application threads blocked for an additional 158ms [total block time: 101952.95s]
2013-05-08 03:55:04,072 INFO  [neo4j]: GC Monitor: Application threads blocked for an additional 3597355ms [total block time: 105550.305s]
2013-05-08 04:55:28,075 INFO  [neo4j]: GC Monitor: Application threads blocked for an additional 3597285ms [total block time: 109147.59s]
2013-05-08 05:55:52,100 INFO  [neo4j]: GC Monitor: Application threads blocked for an additional 3597338ms [total block time: 112744.93s]
2013-05-08 06:56:16,037 INFO  [neo4j]: GC Monitor: Application threads blocked for an additional 3597350ms [total block time: 116342.28s]
2013-05-08 07:56:40,067 INFO  [neo4j]: GC Monitor: Application threads blocked for an additional 3597312ms [total block time: 119939.59s]
2013-05-08 08:57:04,033 INFO  [neo4j]: GC Monitor: Application threads blocked for an additional 3597351ms [total block time: 123536.945s]
2013-05-08 09:57:28,062 INFO  [neo4j]: GC Monitor: Application threads blocked for an additional 3597368ms [total block time: 127134.31s]
2013-05-08 10:12:33,100 INFO  [neo4j]: GC Monitor: Application threads blocked for an additional 878311ms [total block time: 128012.625s]
2013-05-08 11:59:46,046 INFO  [neo4j]: GC Monitor: Application threads blocked for an additional 131224ms [total block time: 128143.85s]
2013-05-08 12:38:40,071 INFO  [neo4j]: GC Monitor: Application threads blocked for an additional 1462954ms [total block time: 129606.8s]
2013-05-08 13:53:43,016 INFO  [neo4j]: GC Monitor: Application threads blocked for an additional 197129ms [total block time: 129803.93s]
